#
# There is insufficient memory for the Java Runtime Environment to continue.
# Native memory allocation (malloc) failed to allocate 29360128 bytes for committing reserved memory.
# Possible reasons:
#   The system is out of physical RAM or swap space
#   In 32 bit mode, the process size limit was hit
# Possible solutions:
#   Reduce memory load on the system
#   Increase physical memory or swap space
#   Check if swap backing store is full
#   Use 64 bit Java on a 64 bit OS
#   Decrease Java heap size (-Xmx/-Xms)
#   Decrease number of Java threads
#   Decrease Java thread stack sizes (-Xss)
#   Set larger code cache with -XX:ReservedCodeCacheSize=
# This output file may be truncated or incomplete.
#
#  Out of Memory Error (os_linux.cpp:2756), pid=7957, tid=140204471408384
#
# JRE version: Java(TM) SE Runtime Environment (7.0_80-b15) (build 1.7.0_80-b15)
# Java VM: Java HotSpot(TM) 64-Bit Server VM (24.80-b11 mixed mode linux-amd64 compressed oops)
# Failed to write core dump. Core dumps have been disabled. To enable core dumping, try "ulimit -c unlimited" before starting Java again
#

---------------  T H R E A D  ---------------

Current thread (0x00007f83f0130800):  VMThread [stack: 0x00007f83e5a6d000,0x00007f83e5b6e000] [id=7971]

Stack: [0x00007f83e5a6d000,0x00007f83e5b6e000],  sp=0x00007f83e5b6c2c0,  free space=1020k
Native frames: (J=compiled Java code, j=interpreted, Vv=VM code, C=native code)
V  [libjvm.so+0x9a320a]  VMError::report_and_die()+0x2ea
V  [libjvm.so+0x498d3b]  report_vm_out_of_memory(char const*, int, unsigned long, char const*)+0x9b
V  [libjvm.so+0x82191e]  os::Linux::commit_memory_impl(char*, unsigned long, bool)+0xfe
V  [libjvm.so+0x821e69]  os::pd_commit_memory(char*, unsigned long, unsigned long, bool)+0x29
V  [libjvm.so+0x81bb6a]  os::commit_memory(char*, unsigned long, unsigned long, bool)+0x2a
V  [libjvm.so+0x88d623]  PSVirtualSpace::expand_by(unsigned long)+0x53
V  [libjvm.so+0x88e9f8]  PSYoungGen::resize_generation(unsigned long, unsigned long)+0xf8
V  [libjvm.so+0x88db62]  PSYoungGen::resize(unsigned long, unsigned long)+0x22
V  [libjvm.so+0x88af1d]  PSScavenge::invoke_no_policy()+0xf3d
V  [libjvm.so+0x88b761]  PSScavenge::invoke()+0x41
V  [libjvm.so+0x843f40]  ParallelScavengeHeap::failed_mem_allocate(unsigned long)+0x70
V  [libjvm.so+0x9a4a97]  VM_ParallelGCFailedAllocation::doit()+0x97
V  [libjvm.so+0x9abf35]  VM_Operation::evaluate()+0x55
V  [libjvm.so+0x9aa2fa]  VMThread::evaluate_operation(VM_Operation*)+0xba
V  [libjvm.so+0x9aa67e]  VMThread::loop()+0x1ce
V  [libjvm.so+0x9aaaf0]  VMThread::run()+0x70
V  [libjvm.so+0x8238c8]  java_start(Thread*)+0x108

VM_Operation (0x00007f83f78cd0d0): ParallelGCFailedAllocation, mode: safepoint, requested by thread 0x00007f83f000a000


---------------  P R O C E S S  ---------------

Java Threads: ( => current thread )
  0x00007f83f015f800 JavaThread "Service Thread" daemon [_thread_blocked, id=7977, stack(0x00007f83e519e000,0x00007f83e529f000)]
  0x00007f83f015d800 JavaThread "C2 CompilerThread1" daemon [_thread_blocked, id=7976, stack(0x00007f83e529f000,0x00007f83e53a0000)]
  0x00007f83f015a800 JavaThread "C2 CompilerThread0" daemon [_thread_blocked, id=7975, stack(0x00007f83e53a0000,0x00007f83e54a1000)]
  0x00007f83f0158800 JavaThread "Signal Dispatcher" daemon [_thread_blocked, id=7974, stack(0x00007f83e54a1000,0x00007f83e55a2000)]
  0x00007f83f0137000 JavaThread "Finalizer" daemon [_thread_blocked, id=7973, stack(0x00007f83e586b000,0x00007f83e596c000)]
  0x00007f83f0135000 JavaThread "Reference Handler" daemon [_thread_blocked, id=7972, stack(0x00007f83e596c000,0x00007f83e5a6d000)]
  0x00007f83f000a000 JavaThread "main" [_thread_blocked, id=7966, stack(0x00007f83f77ce000,0x00007f83f78cf000)]

Other Threads:
=>0x00007f83f0130800 VMThread [stack: 0x00007f83e5a6d000,0x00007f83e5b6e000] [id=7971]
  0x00007f83f016a000 WatcherThread [stack: 0x00007f83e509d000,0x00007f83e519e000] [id=7978]

VM state:at safepoint (normal execution)

VM Mutex/Monitor currently owned by a thread:  ([mutex/lock_event])
[0x00007f83f0006240] Threads_lock - owner thread: 0x00007f83f0130800
[0x00007f83f0006740] Heap_lock - owner thread: 0x00007f83f000a000

Heap
 PSYoungGen      total 30720K, used 2016K [0x00000000eaa80000, 0x00000000eca80000, 0x0000000100000000)
  eden space 28672K, 0% used [0x00000000eaa80000,0x00000000eaa80000,0x00000000ec680000)
  from space 2048K, 98% used [0x00000000ec680000,0x00000000ec878018,0x00000000ec880000)
  to   space 2048K, 0% used [0x00000000ec880000,0x00000000ec880000,0x00000000eca80000)
 ParOldGen       total 36352K, used 19014K [0x00000000c0000000, 0x00000000c2380000, 0x00000000eaa80000)
  object space 36352K, 52% used [0x00000000c0000000,0x00000000c1291a28,0x00000000c2380000)
 PSPermGen       total 21504K, used 6234K [0x00000000bae00000, 0x00000000bc300000, 0x00000000c0000000)
  object space 21504K, 28% used [0x00000000bae00000,0x00000000bb416918,0x00000000bc300000)

Card table byte_map: [0x00007f83f4894000,0x00007f83f4abe000] byte_map_base: 0x00007f83f42bd000

Polling page: 0x00007f83f78ee000

Code Cache  [0x00007f83ed000000, 0x00007f83ed270000, 0x00007f83f0000000)
 total_blobs=662 nmethods=416 adapters=200 free_code_cache=48075Kb largest_free_block=49186624

Compilation events (10 events):
Event: 7.097 Thread 0x00007f83f015d800  431             com.android.dx.io.instructions.DecodedInstruction::getTarget (7 bytes)
Event: 7.099 Thread 0x00007f83f015d800 nmethod 431 0x00007f83ed06f290 code [0x00007f83ed06f3c0, 0x00007f83ed06f418]
Event: 7.139 Thread 0x00007f83f015d800  432             com.android.dex.ClassData$Method::getMethodIndex (5 bytes)
Event: 7.139 Thread 0x00007f83f015d800 nmethod 432 0x00007f83ed08a250 code [0x00007f83ed08a380, 0x00007f83ed08a3d8]
Event: 7.139 Thread 0x00007f83f015d800  433             com.android.dex.ClassData$Method::getAccessFlags (5 bytes)
Event: 7.139 Thread 0x00007f83f015d800 nmethod 433 0x00007f83ed09b090 code [0x00007f83ed09b1c0, 0x00007f83ed09b218]
Event: 7.141 Thread 0x00007f83f015d800  434             com.android.dx.io.instructions.DecodedInstruction::getB (2 bytes)
Event: 7.141 Thread 0x00007f83f015d800 nmethod 434 0x00007f83ed09ae90 code [0x00007f83ed09afc0, 0x00007f83ed09b018]
Event: 7.143 Thread 0x00007f83f015d800  435             com.android.dx.io.instructions.OneRegisterDecodedInstruction::getRegisterCount (2 bytes)
Event: 7.143 Thread 0x00007f83f015d800 nmethod 435 0x00007f83ed09ac90 code [0x00007f83ed09adc0, 0x00007f83ed09ae18]

GC Heap History (5 events):
Event: 3.275 GC heap before
{Heap before GC invocations=1 (full 0):
 PSYoungGen      total 16384K, used 14058K [0x00000000eaa80000, 0x00000000ebc80000, 0x0000000100000000)
  eden space 14336K, 98% used [0x00000000eaa80000,0x00000000eb83a9a8,0x00000000eb880000)
  from space 2048K, 0% used [0x00000000eba80000,0x00000000eba80000,0x00000000ebc80000)
  to   space 2048K, 0% used [0x00000000eb880000,0x00000000eb880000,0x00000000eba80000)
 ParOldGen       total 36352K, used 0K [0x00000000c0000000, 0x00000000c2380000, 0x00000000eaa80000)
  object space 36352K, 0% used [0x00000000c0000000,0x00000000c0000000,0x00000000c2380000)
 PSPermGen       total 21504K, used 4875K [0x00000000bae00000, 0x00000000bc300000, 0x00000000c0000000)
  object space 21504K, 22% used [0x00000000bae00000,0x00000000bb2c2f60,0x00000000bc300000)
Event: 3.344 GC heap after
Heap after GC invocations=1 (full 0):
 PSYoungGen      total 16384K, used 2030K [0x00000000eaa80000, 0x00000000eca80000, 0x0000000100000000)
  eden space 14336K, 0% used [0x00000000eaa80000,0x00000000eaa80000,0x00000000eb880000)
  from space 2048K, 99% used [0x00000000eb880000,0x00000000eba7bb68,0x00000000eba80000)
  to   space 2048K, 0% used [0x00000000ec880000,0x00000000ec880000,0x00000000eca80000)
 ParOldGen       total 36352K, used 3830K [0x00000000c0000000, 0x00000000c2380000, 0x00000000eaa80000)
  object space 36352K, 10% used [0x00000000c0000000,0x00000000c03bd8b8,0x00000000c2380000)
 PSPermGen       total 21504K, used 4875K [0x00000000bae00000, 0x00000000bc300000, 0x00000000c0000000)
  object space 21504K, 22% used [0x00000000bae00000,0x00000000bb2c2f60,0x00000000bc300000)
}
Event: 5.754 GC heap before
{Heap before GC invocations=2 (full 0):
 PSYoungGen      total 16384K, used 16366K [0x00000000eaa80000, 0x00000000eca80000, 0x0000000100000000)
  eden space 14336K, 100% used [0x00000000eaa80000,0x00000000eb880000,0x00000000eb880000)
  from space 2048K, 99% used [0x00000000eb880000,0x00000000eba7bb68,0x00000000eba80000)
  to   space 2048K, 0% used [0x00000000ec880000,0x00000000ec880000,0x00000000eca80000)
 ParOldGen       total 36352K, used 3830K [0x00000000c0000000, 0x00000000c2380000, 0x00000000eaa80000)
  object space 36352K, 10% used [0x00000000c0000000,0x00000000c03bd8b8,0x00000000c2380000)
 PSPermGen       total 21504K, used 6177K [0x00000000bae00000, 0x00000000bc300000, 0x00000000c0000000)
  object space 21504K, 28% used [0x00000000bae00000,0x00000000bb4084d0,0x00000000bc300000)
Event: 5.825 GC heap after
Heap after GC invocations=2 (full 0):
 PSYoungGen      total 30720K, used 2016K [0x00000000eaa80000, 0x00000000eca80000, 0x0000000100000000)
  eden space 28672K, 0% used [0x00000000eaa80000,0x00000000eaa80000,0x00000000ec680000)
  from space 2048K, 98% used [0x00000000ec880000,0x00000000eca78018,0x00000000eca80000)
  to   space 2048K, 0% used [0x00000000ec680000,0x00000000ec680000,0x00000000ec880000)
 ParOldGen       total 36352K, used 7413K [0x00000000c0000000, 0x00000000c2380000, 0x00000000eaa80000)
  object space 36352K, 20% used [0x00000000c0000000,0x00000000c073d520,0x00000000c2380000)
 PSPermGen       total 21504K, used 6177K [0x00000000bae00000, 0x00000000bc300000, 0x00000000c0000000)
  object space 21504K, 28% used [0x00000000bae00000,0x00000000bb4084d0,0x00000000bc300000)
}
Event: 7.156 GC heap before
{Heap before GC invocations=3 (full 0):
 PSYoungGen      total 30720K, used 30688K [0x00000000eaa80000, 0x00000000eca80000, 0x0000000100000000)
  eden space 28672K, 100% used [0x00000000eaa80000,0x00000000ec680000,0x00000000ec680000)
  from space 2048K, 98% used [0x00000000ec880000,0x00000000eca78018,0x00000000eca80000)
  to   space 2048K, 0% used [0x00000000ec680000,0x00000000ec680000,0x00000000ec880000)
 ParOldGen       total 36352K, used 7413K [0x00000000c0000000, 0x00000000c2380000, 0x00000000eaa80000)
  object space 36352K, 20% used [0x00000000c0000000,0x00000000c073d520,0x00000000c2380000)
 PSPermGen       total 21504K, used 6234K [0x00000000bae00000, 0x00000000bc300000, 0x00000000c0000000)
  object space 21504K, 28% used [0x00000000bae00000,0x00000000bb416918,0x00000000bc300000)

Deoptimization events (10 events):
Event: 4.213 Thread 0x00007f83f000a000 Uncommon trap: reason=unstable_if action=reinterpret pc=0x00007f83ed06fbd8 method=java.util.TreeMap.put(Ljava/lang/Object;Ljava/lang/Object;)Ljava/lang/Object; @ 163
Event: 4.227 Thread 0x00007f83f000a000 Uncommon trap: reason=class_check action=maybe_recompile pc=0x00007f83ed0a4138 method=com.android.dx.dex.code.OutputFinisher.calculateReservedCount([Lcom/android/dx/dex/code/Dop;)I @ 72
Event: 4.259 Thread 0x00007f83f000a000 Uncommon trap: reason=class_check action=maybe_recompile pc=0x00007f83ed0a4138 method=com.android.dx.dex.code.OutputFinisher.calculateReservedCount([Lcom/android/dx/dex/code/Dop;)I @ 72
Event: 4.278 Thread 0x00007f83f000a000 Uncommon trap: reason=class_check action=maybe_recompile pc=0x00007f83ed0a4138 method=com.android.dx.dex.code.OutputFinisher.calculateReservedCount([Lcom/android/dx/dex/code/Dop;)I @ 72
Event: 4.623 Thread 0x00007f83f000a000 Uncommon trap: reason=unstable_if action=reinterpret pc=0x00007f83ed0676fc method=java.lang.String.indexOf([CII[CIII)I @ 3
Event: 5.470 Thread 0x00007f83f000a000 Uncommon trap: reason=class_check action=maybe_recompile pc=0x00007f83ed0c7fdc method=com.android.dex.Leb128.readUnsignedLeb128(Lcom/android/dex/util/ByteInput;)I @ 5
Event: 5.470 Thread 0x00007f83f000a000 Uncommon trap: reason=class_check action=maybe_recompile pc=0x00007f83ed0c7fdc method=com.android.dex.Leb128.readUnsignedLeb128(Lcom/android/dex/util/ByteInput;)I @ 5
Event: 5.470 Thread 0x00007f83f000a000 Uncommon trap: reason=class_check action=maybe_recompile pc=0x00007f83ed0c7fdc method=com.android.dex.Leb128.readUnsignedLeb128(Lcom/android/dex/util/ByteInput;)I @ 5
Event: 5.470 Thread 0x00007f83f000a000 Uncommon trap: reason=class_check action=maybe_recompile pc=0x00007f83ed0c7fdc method=com.android.dex.Leb128.readUnsignedLeb128(Lcom/android/dex/util/ByteInput;)I @ 5
Event: 5.644 Thread 0x00007f83f000a000 Uncommon trap: reason=predicate action=maybe_recompile pc=0x00007f83ed0d2a14 method=com.android.dex.Leb128.readUnsignedLeb128(Lcom/android/dex/util/ByteInput;)I @ 41

Internal exceptions (10 events):
Event: 5.205 Thread 0x00007f83f000a000 Threw 0x00000000eb3839d8 at /HUDSON/workspace/7u-2-build-linux-amd64/jdk7u80/2329/hotspot/src/share/vm/prims/jvm.cpp:1319
Event: 5.205 Thread 0x00007f83f000a000 Threw 0x00000000eb386ca0 at /HUDSON/workspace/7u-2-build-linux-amd64/jdk7u80/2329/hotspot/src/share/vm/prims/jvm.cpp:1319
Event: 5.206 Thread 0x00007f83f000a000 Threw 0x00000000eb38a0b8 at /HUDSON/workspace/7u-2-build-linux-amd64/jdk7u80/2329/hotspot/src/share/vm/prims/jvm.cpp:1319
Event: 5.207 Thread 0x00007f83f000a000 Threw 0x00000000eb38f388 at /HUDSON/workspace/7u-2-build-linux-amd64/jdk7u80/2329/hotspot/src/share/vm/prims/jvm.cpp:1319
Event: 5.207 Thread 0x00007f83f000a000 Threw 0x00000000eb392168 at /HUDSON/workspace/7u-2-build-linux-amd64/jdk7u80/2329/hotspot/src/share/vm/prims/jvm.cpp:1319
Event: 5.208 Thread 0x00007f83f000a000 Threw 0x00000000eb395108 at /HUDSON/workspace/7u-2-build-linux-amd64/jdk7u80/2329/hotspot/src/share/vm/prims/jvm.cpp:1319
Event: 5.208 Thread 0x00007f83f000a000 Threw 0x00000000eb3984e0 at /HUDSON/workspace/7u-2-build-linux-amd64/jdk7u80/2329/hotspot/src/share/vm/prims/jvm.cpp:1319
Event: 5.211 Thread 0x00007f83f000a000 Threw 0x00000000eb39f650 at /HUDSON/workspace/7u-2-build-linux-amd64/jdk7u80/2329/hotspot/src/share/vm/prims/jvm.cpp:1319
Event: 5.211 Thread 0x00007f83f000a000 Threw 0x00000000eb3a1798 at /HUDSON/workspace/7u-2-build-linux-amd64/jdk7u80/2329/hotspot/src/share/vm/prims/jvm.cpp:1319
Event: 6.641 Thread 0x00007f83f000a000 Threw 0x00000000eb595368 at /HUDSON/workspace/7u-2-build-linux-amd64/jdk7u80/2329/hotspot/src/share/vm/prims/jvm.cpp:1319

Events (10 events):
Event: 5.850 Thread 0x00007f83f015d800 flushing nmethod 0x00007f83ed07ed50
Event: 5.850 Thread 0x00007f83f015d800 flushing nmethod 0x00007f83ed07f250
Event: 5.854 Thread 0x00007f83f015d800 flushing nmethod 0x00007f83ed0806d0
Event: 6.640 loading class 0x00007f83f02b8030
Event: 6.640 loading class 0x00007f83f02b8030 done
Event: 6.861 Thread 0x00007f83f015a800 flushing nmethod 0x00007f83ed06f290
Event: 6.895 Thread 0x00007f83f015a800 flushing nmethod 0x00007f83ed07f650
Event: 6.953 Thread 0x00007f83f015a800 flushing nmethod 0x00007f83ed08a1d0
Event: 7.013 Thread 0x00007f83f015d800 flushing nmethod 0x00007f83ed09a890
Event: 7.153 Executing VM operation: ParallelGCFailedAllocation


Dynamic libraries:
00400000-00401000 r-xp 00000000 08:01 6832935                            /usr/lib/jvm/java-7-oracle/jre/bin/java
00600000-00601000 rw-p 00000000 08:01 6832935                            /usr/lib/jvm/java-7-oracle/jre/bin/java
01f29000-01f4a000 rw-p 00000000 00:00 0                                  [heap]
bae00000-bc300000 rw-p 00000000 00:00 0 
bc300000-c0000000 rw-p 00000000 00:00 0 
c0000000-c2380000 rw-p 00000000 00:00 0 
c2380000-eaa80000 rw-p 00000000 00:00 0 
eaa80000-eca80000 rw-p 00000000 00:00 0 
ee680000-100000000 rw-p 00000000 00:00 0 
7f83b0000000-7f83b0021000 rw-p 00000000 00:00 0 
7f83b0021000-7f83b4000000 ---p 00000000 00:00 0 
7f83b8000000-7f83b83b9000 rw-p 00000000 00:00 0 
7f83b83b9000-7f83bc000000 ---p 00000000 00:00 0 
7f83bc000000-7f83bc021000 rw-p 00000000 00:00 0 
7f83bc021000-7f83c0000000 ---p 00000000 00:00 0 
7f83c0000000-7f83c0021000 rw-p 00000000 00:00 0 
7f83c0021000-7f83c4000000 ---p 00000000 00:00 0 
7f83c4000000-7f83c44ef000 rw-p 00000000 00:00 0 
7f83c44ef000-7f83c8000000 ---p 00000000 00:00 0 
7f83c8000000-7f83c8021000 rw-p 00000000 00:00 0 
7f83c8021000-7f83cc000000 ---p 00000000 00:00 0 
7f83cc000000-7f83cc021000 rw-p 00000000 00:00 0 
7f83cc021000-7f83d0000000 ---p 00000000 00:00 0 
7f83d0000000-7f83d0021000 rw-p 00000000 00:00 0 
7f83d0021000-7f83d4000000 ---p 00000000 00:00 0 
7f83d4000000-7f83d4021000 rw-p 00000000 00:00 0 
7f83d4021000-7f83d8000000 ---p 00000000 00:00 0 
7f83d8000000-7f83d8021000 rw-p 00000000 00:00 0 
7f83d8021000-7f83dc000000 ---p 00000000 00:00 0 
7f83e0000000-7f83e0021000 rw-p 00000000 00:00 0 
7f83e0021000-7f83e4000000 ---p 00000000 00:00 0 
7f83e4b08000-7f83e4c75000 rw-p 00000000 00:00 0 
7f83e4c75000-7f83e4c8c000 r-xp 00000000 08:01 6832902                    /usr/lib/jvm/java-7-oracle/jre/lib/amd64/libnet.so
7f83e4c8c000-7f83e4e8b000 ---p 00017000 08:01 6832902                    /usr/lib/jvm/java-7-oracle/jre/lib/amd64/libnet.so
7f83e4e8b000-7f83e4e8c000 rw-p 00016000 08:01 6832902                    /usr/lib/jvm/java-7-oracle/jre/lib/amd64/libnet.so
7f83e4e8c000-7f83e4e9c000 r-xp 00000000 08:01 6832883                    /usr/lib/jvm/java-7-oracle/jre/lib/amd64/libnio.so
7f83e4e9c000-7f83e509c000 ---p 00010000 08:01 6832883                    /usr/lib/jvm/java-7-oracle/jre/lib/amd64/libnio.so
7f83e509c000-7f83e509d000 rw-p 00010000 08:01 6832883                    /usr/lib/jvm/java-7-oracle/jre/lib/amd64/libnio.so
7f83e509d000-7f83e509e000 ---p 00000000 00:00 0 
7f83e509e000-7f83e519e000 rw-p 00000000 00:00 0                          [stack:7978]
7f83e519e000-7f83e51a1000 ---p 00000000 00:00 0 
7f83e51a1000-7f83e529f000 rw-p 00000000 00:00 0                          [stack:7977]
7f83e529f000-7f83e52a2000 ---p 00000000 00:00 0 
7f83e52a2000-7f83e53a0000 rw-p 00000000 00:00 0                          [stack:7976]
7f83e53a0000-7f83e53a3000 ---p 00000000 00:00 0 
7f83e53a3000-7f83e54a1000 rw-p 00000000 00:00 0                          [stack:7975]
7f83e54a1000-7f83e54a4000 ---p 00000000 00:00 0 
7f83e54a4000-7f83e55a2000 rw-p 00000000 00:00 0                          [stack:7974]
7f83e55a2000-7f83e586b000 r--p 00000000 08:01 6291670                    /usr/lib/locale/locale-archive
7f83e586b000-7f83e586e000 ---p 00000000 00:00 0 
7f83e586e000-7f83e596c000 rw-p 00000000 00:00 0                          [stack:7973]
7f83e596c000-7f83e596f000 ---p 00000000 00:00 0 
7f83e596f000-7f83e5a6d000 rw-p 00000000 00:00 0                          [stack:7972]
7f83e5a6d000-7f83e5a6e000 ---p 00000000 00:00 0 
7f83e5a6e000-7f83e8000000 rw-p 00000000 00:00 0                          [stack:7971]
7f83e8000000-7f83e8021000 rw-p 00000000 00:00 0 
7f83e8021000-7f83ec000000 ---p 00000000 00:00 0 
7f83ec00c000-7f83ece40000 rw-p 00000000 00:00 0 
7f83ece40000-7f83ed000000 r--s 039fb000 08:01 6832255                    /usr/lib/jvm/java-7-oracle/jre/lib/rt.jar
7f83ed000000-7f83ed270000 rwxp 00000000 00:00 0 
7f83ed270000-7f83f02d9000 rw-p 00000000 00:00 0 
7f83f02d9000-7f83f4000000 ---p 00000000 00:00 0 
7f83f4017000-7f83f4311000 rw-p 00000000 00:00 0 
7f83f4311000-7f83f4312000 ---p 00000000 00:00 0 
7f83f4312000-7f83f4412000 rw-p 00000000 00:00 0                          [stack:7970]
7f83f4412000-7f83f4413000 ---p 00000000 00:00 0 
7f83f4413000-7f83f4513000 rw-p 00000000 00:00 0                          [stack:7969]
7f83f4513000-7f83f4514000 ---p 00000000 00:00 0 
7f83f4514000-7f83f4614000 rw-p 00000000 00:00 0                          [stack:7968]
7f83f4614000-7f83f4615000 ---p 00000000 00:00 0 
7f83f4615000-7f83f4720000 rw-p 00000000 00:00 0                          [stack:7967]
7f83f4720000-7f83f473e000 rw-p 00000000 00:00 0 
7f83f473e000-7f83f4750000 rw-p 00000000 00:00 0 
7f83f4750000-7f83f4894000 rw-p 00000000 00:00 0 
7f83f4894000-7f83f489f000 rw-p 00000000 00:00 0 
7f83f489f000-7f83f48bd000 rw-p 00000000 00:00 0 
7f83f48bd000-7f83f48cf000 rw-p 00000000 00:00 0 
7f83f48cf000-7f83f4a12000 rw-p 00000000 00:00 0 
7f83f4a12000-7f83f4a23000 rw-p 00000000 00:00 0 
7f83f4a23000-7f83f4abd000 rw-p 00000000 00:00 0 
7f83f4abd000-7f83f4abe000 rw-p 00000000 00:00 0 
7f83f4abe000-7f83f4ad5000 r-xp 00000000 08:01 6832901                    /usr/lib/jvm/java-7-oracle/jre/lib/amd64/libzip.so
7f83f4ad5000-7f83f4cd5000 ---p 00017000 08:01 6832901                    /usr/lib/jvm/java-7-oracle/jre/lib/amd64/libzip.so
7f83f4cd5000-7f83f4cd6000 rw-p 00017000 08:01 6832901                    /usr/lib/jvm/java-7-oracle/jre/lib/amd64/libzip.so
7f83f4cd6000-7f83f4ce1000 r-xp 00000000 08:01 7875663                    /lib/x86_64-linux-gnu/libnss_files-2.19.so
7f83f4ce1000-7f83f4ee0000 ---p 0000b000 08:01 7875663                    /lib/x86_64-linux-gnu/libnss_files-2.19.so
7f83f4ee0000-7f83f4ee1000 r--p 0000a000 08:01 7875663                    /lib/x86_64-linux-gnu/libnss_files-2.19.so
7f83f4ee1000-7f83f4ee2000 rw-p 0000b000 08:01 7875663                    /lib/x86_64-linux-gnu/libnss_files-2.19.so
7f83f4ee2000-7f83f4eed000 r-xp 00000000 08:01 7875683                    /lib/x86_64-linux-gnu/libnss_nis-2.19.so
7f83f4eed000-7f83f50ec000 ---p 0000b000 08:01 7875683                    /lib/x86_64-linux-gnu/libnss_nis-2.19.so
7f83f50ec000-7f83f50ed000 r--p 0000a000 08:01 7875683                    /lib/x86_64-linux-gnu/libnss_nis-2.19.so
7f83f50ed000-7f83f50ee000 rw-p 0000b000 08:01 7875683                    /lib/x86_64-linux-gnu/libnss_nis-2.19.so
7f83f50ee000-7f83f5105000 r-xp 00000000 08:01 7875672                    /lib/x86_64-linux-gnu/libnsl-2.19.so
7f83f5105000-7f83f5304000 ---p 00017000 08:01 7875672                    /lib/x86_64-linux-gnu/libnsl-2.19.so
7f83f5304000-7f83f5305000 r--p 00016000 08:01 7875672                    /lib/x86_64-linux-gnu/libnsl-2.19.so
7f83f5305000-7f83f5306000 rw-p 00017000 08:01 7875672                    /lib/x86_64-linux-gnu/libnsl-2.19.so
7f83f5306000-7f83f5308000 rw-p 00000000 00:00 0 
7f83f5308000-7f83f5311000 r-xp 00000000 08:01 7875671                    /lib/x86_64-linux-gnu/libnss_compat-2.19.so
7f83f5311000-7f83f5510000 ---p 00009000 08:01 7875671                    /lib/x86_64-linux-gnu/libnss_compat-2.19.so
7f83f5510000-7f83f5511000 r--p 00008000 08:01 7875671                    /lib/x86_64-linux-gnu/libnss_compat-2.19.so
7f83f5511000-7f83f5512000 rw-p 00009000 08:01 7875671                    /lib/x86_64-linux-gnu/libnss_compat-2.19.so
7f83f5512000-7f83f553b000 r-xp 00000000 08:01 6832922                    /usr/lib/jvm/java-7-oracle/jre/lib/amd64/libjava.so
7f83f553b000-7f83f573b000 ---p 00029000 08:01 6832922                    /usr/lib/jvm/java-7-oracle/jre/lib/amd64/libjava.so
7f83f573b000-7f83f573d000 rw-p 00029000 08:01 6832922                    /usr/lib/jvm/java-7-oracle/jre/lib/amd64/libjava.so
7f83f573d000-7f83f574a000 r-xp 00000000 08:01 6832890                    /usr/lib/jvm/java-7-oracle/jre/lib/amd64/libverify.so
7f83f574a000-7f83f5949000 ---p 0000d000 08:01 6832890                    /usr/lib/jvm/java-7-oracle/jre/lib/amd64/libverify.so
7f83f5949000-7f83f594b000 rw-p 0000c000 08:01 6832890                    /usr/lib/jvm/java-7-oracle/jre/lib/amd64/libverify.so
7f83f594b000-7f83f5952000 r-xp 00000000 08:01 7875680                    /lib/x86_64-linux-gnu/librt-2.19.so
7f83f5952000-7f83f5b51000 ---p 00007000 08:01 7875680                    /lib/x86_64-linux-gnu/librt-2.19.so
7f83f5b51000-7f83f5b52000 r--p 00006000 08:01 7875680                    /lib/x86_64-linux-gnu/librt-2.19.so
7f83f5b52000-7f83f5b53000 rw-p 00007000 08:01 7875680                    /lib/x86_64-linux-gnu/librt-2.19.so
7f83f5b53000-7f83f5c58000 r-xp 00000000 08:01 7875662                    /lib/x86_64-linux-gnu/libm-2.19.so
7f83f5c58000-7f83f5e57000 ---p 00105000 08:01 7875662                    /lib/x86_64-linux-gnu/libm-2.19.so
7f83f5e57000-7f83f5e58000 r--p 00104000 08:01 7875662                    /lib/x86_64-linux-gnu/libm-2.19.so
7f83f5e58000-7f83f5e59000 rw-p 00105000 08:01 7875662                    /lib/x86_64-linux-gnu/libm-2.19.so
7f83f5e59000-7f83f69cf000 r-xp 00000000 08:01 6832923                    /usr/lib/jvm/java-7-oracle/jre/lib/amd64/server/libjvm.so
7f83f69cf000-7f83f6bce000 ---p 00b76000 08:01 6832923                    /usr/lib/jvm/java-7-oracle/jre/lib/amd64/server/libjvm.so
7f83f6bce000-7f83f6c92000 rw-p 00b75000 08:01 6832923                    /usr/lib/jvm/java-7-oracle/jre/lib/amd64/server/libjvm.so
7f83f6c92000-7f83f6cd3000 rw-p 00000000 00:00 0 
7f83f6cd3000-7f83f6e8e000 r-xp 00000000 08:01 7875677                    /lib/x86_64-linux-gnu/libc-2.19.so
7f83f6e8e000-7f83f708d000 ---p 001bb000 08:01 7875677                    /lib/x86_64-linux-gnu/libc-2.19.so
7f83f708d000-7f83f7091000 r--p 001ba000 08:01 7875677                    /lib/x86_64-linux-gnu/libc-2.19.so
7f83f7091000-7f83f7093000 rw-p 001be000 08:01 7875677                    /lib/x86_64-linux-gnu/libc-2.19.so
7f83f7093000-7f83f7098000 rw-p 00000000 00:00 0 
7f83f7098000-7f83f709b000 r-xp 00000000 08:01 7875666                    /lib/x86_64-linux-gnu/libdl-2.19.so
7f83f709b000-7f83f729a000 ---p 00003000 08:01 7875666                    /lib/x86_64-linux-gnu/libdl-2.19.so
7f83f729a000-7f83f729b000 r--p 00002000 08:01 7875666                    /lib/x86_64-linux-gnu/libdl-2.19.so
7f83f729b000-7f83f729c000 rw-p 00003000 08:01 7875666                    /lib/x86_64-linux-gnu/libdl-2.19.so
7f83f729c000-7f83f72b1000 r-xp 00000000 08:01 6832911                    /usr/lib/jvm/java-7-oracle/jre/lib/amd64/jli/libjli.so
7f83f72b1000-7f83f74b0000 ---p 00015000 08:01 6832911                    /usr/lib/jvm/java-7-oracle/jre/lib/amd64/jli/libjli.so
7f83f74b0000-7f83f74b1000 rw-p 00014000 08:01 6832911                    /usr/lib/jvm/java-7-oracle/jre/lib/amd64/jli/libjli.so
7f83f74b1000-7f83f74ca000 r-xp 00000000 08:01 7875678                    /lib/x86_64-linux-gnu/libpthread-2.19.so
7f83f74ca000-7f83f76c9000 ---p 00019000 08:01 7875678                    /lib/x86_64-linux-gnu/libpthread-2.19.so
7f83f76c9000-7f83f76ca000 r--p 00018000 08:01 7875678                    /lib/x86_64-linux-gnu/libpthread-2.19.so
7f83f76ca000-7f83f76cb000 rw-p 00019000 08:01 7875678                    /lib/x86_64-linux-gnu/libpthread-2.19.so
7f83f76cb000-7f83f76cf000 rw-p 00000000 00:00 0 
7f83f76cf000-7f83f76f2000 r-xp 00000000 08:01 7875674                    /lib/x86_64-linux-gnu/ld-2.19.so
7f83f76f4000-7f83f76f8000 r--s 0008b000 08:01 6832254                    /usr/lib/jvm/java-7-oracle/jre/lib/jsse.jar
7f83f76f8000-7f83f7718000 rw-p 00000000 00:00 0 
7f83f7718000-7f83f77ce000 rw-p 00000000 00:00 0 
7f83f77ce000-7f83f77d1000 ---p 00000000 00:00 0 
7f83f77d1000-7f83f78d3000 rw-p 00000000 00:00 0                          [stack:7966]
7f83f78d5000-7f83f78d6000 rw-p 00000000 00:00 0 
7f83f78d6000-7f83f78e5000 r--s 000dd000 08:01 14684395                   /home/administrator/Developer/sdk/build-tools/21.1.2/lib/dx.jar
7f83f78e5000-7f83f78ed000 rw-s 00000000 08:01 25166420                   /tmp/hsperfdata_administrator/7957
7f83f78ed000-7f83f78ee000 rw-p 00000000 00:00 0 
7f83f78ee000-7f83f78ef000 ---p 00000000 00:00 0 
7f83f78ef000-7f83f78f1000 rw-p 00000000 00:00 0 
7f83f78f1000-7f83f78f2000 r--p 00022000 08:01 7875674                    /lib/x86_64-linux-gnu/ld-2.19.so
7f83f78f2000-7f83f78f3000 rw-p 00023000 08:01 7875674                    /lib/x86_64-linux-gnu/ld-2.19.so
7f83f78f3000-7f83f78f4000 rw-p 00000000 00:00 0 
7ffe3d73d000-7ffe3d75e000 rw-p 00000000 00:00 0                          [stack]
7ffe3d7f7000-7ffe3d7f9000 r-xp 00000000 00:00 0                          [vdso]
ffffffffff600000-ffffffffff601000 r-xp 00000000 00:00 0                  [vsyscall]

VM Arguments:
jvm_args: -Xmx1024M 
java_command: /home/administrator/Developer/sdk/build-tools/21.1.2/lib/dx.jar --dex --no-optimize --output /home/administrator/AndroidStudioProjects/football/app/build/intermediates/dex/debug --input-list=/home/administrator/AndroidStudioProjects/football/app/build/intermediates/tmp/dex/debug/inputList.txt
Launcher Type: SUN_STANDARD

Environment Variables:
PATH=/home/administrator/bin/Sencha/Cmd/5.0.2.270:/home/administrator/bin:/usr/local/sbin:/usr/local/bin:/usr/sbin:/usr/bin:/sbin:/bin:/usr/games:/usr/local/games
LD_LIBRARY_PATH=/home/administrator/Developer/android-studio/bin:
SHELL=/bin/bash
DISPLAY=:0

Signal Handlers:
SIGSEGV: [libjvm.so+0x9a3b20], sa_mask[0]=0x7ffbfeff, sa_flags=0x10000004
SIGBUS: [libjvm.so+0x9a3b20], sa_mask[0]=0x7ffbfeff, sa_flags=0x10000004
SIGFPE: [libjvm.so+0x81e740], sa_mask[0]=0x7ffbfeff, sa_flags=0x10000004
SIGPIPE: [libjvm.so+0x81e740], sa_mask[0]=0x7ffbfeff, sa_flags=0x10000004
SIGXFSZ: [libjvm.so+0x81e740], sa_mask[0]=0x7ffbfeff, sa_flags=0x10000004
SIGILL: [libjvm.so+0x81e740], sa_mask[0]=0x7ffbfeff, sa_flags=0x10000004
SIGUSR1: SIG_DFL, sa_mask[0]=0x00000000, sa_flags=0x00000000
SIGUSR2: [libjvm.so+0x81ffb0], sa_mask[0]=0x00000004, sa_flags=0x10000004
SIGHUP: [libjvm.so+0x8210d0], sa_mask[0]=0x7ffbfeff, sa_flags=0x10000004
SIGINT: [libjvm.so+0x8210d0], sa_mask[0]=0x7ffbfeff, sa_flags=0x10000004
SIGTERM: [libjvm.so+0x8210d0], sa_mask[0]=0x7ffbfeff, sa_flags=0x10000004
SIGQUIT: [libjvm.so+0x8210d0], sa_mask[0]=0x7ffbfeff, sa_flags=0x10000004


---------------  S Y S T E M  ---------------

OS:jessie/sid

uname:Linux 3.13.0-62-generic #102-Ubuntu SMP Tue Aug 11 14:29:36 UTC 2015 x86_64
libc:glibc 2.19 NPTL 2.19 
rlimit: STACK 8192k, CORE 0k, NPROC 26892, NOFILE 4096, AS infinity
load average:3.62 2.37 2.08

/proc/meminfo:
MemTotal:        3529788 kB
MemFree:           81952 kB
Buffers:             352 kB
Cached:            59632 kB
SwapCached:        23172 kB
Active:          2154824 kB
Inactive:         596180 kB
Active(anon):    2149580 kB
Inactive(anon):   589876 kB
Active(file):       5244 kB
Inactive(file):     6304 kB
Unevictable:          48 kB
Mlocked:              48 kB
SwapTotal:       3667964 kB
SwapFree:              0 kB
Dirty:                36 kB
Writeback:             0 kB
AnonPages:       2671904 kB
Mapped:            49548 kB
Shmem:             47724 kB
Slab:              83440 kB
SReclaimable:      31616 kB
SUnreclaim:        51824 kB
KernelStack:        7032 kB
PageTables:        62516 kB
NFS_Unstable:          0 kB
Bounce:                0 kB
WritebackTmp:          0 kB
CommitLimit:     5432856 kB
Committed_AS:   16172332 kB
VmallocTotal:   34359738367 kB
VmallocUsed:      299008 kB
VmallocChunk:   34359360252 kB
HardwareCorrupted:     0 kB
AnonHugePages:    471040 kB
HugePages_Total:       0
HugePages_Free:        0
HugePages_Rsvd:        0
HugePages_Surp:        0
Hugepagesize:       2048 kB
DirectMap4k:       85568 kB
DirectMap2M:     3584000 kB
DirectMap1G:           0 kB


CPU:total 4 (4 cores per cpu, 1 threads per core) family 16 model 4 stepping 3, cmov, cx8, fxsr, mmx, sse, sse2, sse3, popcnt, mmxext, 3dnowpref, lzcnt, sse4a, tsc, tscinvbit, tscinv

/proc/cpuinfo:
processor	: 0
vendor_id	: AuthenticAMD
cpu family	: 16
model		: 4
model name	: AMD Phenom(tm) II X4 965 Processor
stepping	: 3
microcode	: 0x10000c8
cpu MHz		: 3400.000
cache size	: 512 KB
physical id	: 0
siblings	: 4
core id		: 0
cpu cores	: 4
apicid		: 0
initial apicid	: 0
fpu		: yes
fpu_exception	: yes
cpuid level	: 5
wp		: yes
flags		: fpu vme de pse tsc msr pae mce cx8 apic sep mtrr pge mca cmov pat pse36 clflush mmx fxsr sse sse2 ht syscall nx mmxext fxsr_opt pdpe1gb rdtscp lm 3dnowext 3dnow constant_tsc rep_good nopl nonstop_tsc extd_apicid pni monitor cx16 popcnt lahf_lm cmp_legacy svm extapic cr8_legacy abm sse4a misalignsse 3dnowprefetch osvw ibs skinit wdt nodeid_msr hw_pstate npt lbrv svm_lock nrip_save vmmcall
bogomips	: 6800.74
TLB size	: 1024 4K pages
clflush size	: 64
cache_alignment	: 64
address sizes	: 48 bits physical, 48 bits virtual
power management: ts ttp tm stc 100mhzsteps hwpstate

processor	: 1
vendor_id	: AuthenticAMD
cpu family	: 16
model		: 4
model name	: AMD Phenom(tm) II X4 965 Processor
stepping	: 3
microcode	: 0x10000c8
cpu MHz		: 2700.000
cache size	: 512 KB
physical id	: 0
siblings	: 4
core id		: 1
cpu cores	: 4
apicid		: 1
initial apicid	: 1
fpu		: yes
fpu_exception	: yes
cpuid level	: 5
wp		: yes
flags		: fpu vme de pse tsc msr pae mce cx8 apic sep mtrr pge mca cmov pat pse36 clflush mmx fxsr sse sse2 ht syscall nx mmxext fxsr_opt pdpe1gb rdtscp lm 3dnowext 3dnow constant_tsc rep_good nopl nonstop_tsc extd_apicid pni monitor cx16 popcnt lahf_lm cmp_legacy svm extapic cr8_legacy abm sse4a misalignsse 3dnowprefetch osvw ibs skinit wdt nodeid_msr hw_pstate npt lbrv svm_lock nrip_save vmmcall
bogomips	: 6800.74
TLB size	: 1024 4K pages
clflush size	: 64
cache_alignment	: 64
address sizes	: 48 bits physical, 48 bits virtual
power management: ts ttp tm stc 100mhzsteps hwpstate

processor	: 2
vendor_id	: AuthenticAMD
cpu family	: 16
model		: 4
model name	: AMD Phenom(tm) II X4 965 Processor
stepping	: 3
microcode	: 0x10000c8
cpu MHz		: 2700.000
cache size	: 512 KB
physical id	: 0
siblings	: 4
core id		: 2
cpu cores	: 4
apicid		: 2
initial apicid	: 2
fpu		: yes
fpu_exception	: yes
cpuid level	: 5
wp		: yes
flags		: fpu vme de pse tsc msr pae mce cx8 apic sep mtrr pge mca cmov pat pse36 clflush mmx fxsr sse sse2 ht syscall nx mmxext fxsr_opt pdpe1gb rdtscp lm 3dnowext 3dnow constant_tsc rep_good nopl nonstop_tsc extd_apicid pni monitor cx16 popcnt lahf_lm cmp_legacy svm extapic cr8_legacy abm sse4a misalignsse 3dnowprefetch osvw ibs skinit wdt nodeid_msr hw_pstate npt lbrv svm_lock nrip_save vmmcall
bogomips	: 6800.74
TLB size	: 1024 4K pages
clflush size	: 64
cache_alignment	: 64
address sizes	: 48 bits physical, 48 bits virtual
power management: ts ttp tm stc 100mhzsteps hwpstate

processor	: 3
vendor_id	: AuthenticAMD
cpu family	: 16
model		: 4
model name	: AMD Phenom(tm) II X4 965 Processor
stepping	: 3
microcode	: 0x10000c8
cpu MHz		: 3400.000
cache size	: 512 KB
physical id	: 0
siblings	: 4
core id		: 3
cpu cores	: 4
apicid		: 3
initial apicid	: 3
fpu		: yes
fpu_exception	: yes
cpuid level	: 5
wp		: yes
flags		: fpu vme de pse tsc msr pae mce cx8 apic sep mtrr pge mca cmov pat pse36 clflush mmx fxsr sse sse2 ht syscall nx mmxext fxsr_opt pdpe1gb rdtscp lm 3dnowext 3dnow constant_tsc rep_good nopl nonstop_tsc extd_apicid pni monitor cx16 popcnt lahf_lm cmp_legacy svm extapic cr8_legacy abm sse4a misalignsse 3dnowprefetch osvw ibs skinit wdt nodeid_msr hw_pstate npt lbrv svm_lock nrip_save vmmcall
bogomips	: 6800.74
TLB size	: 1024 4K pages
clflush size	: 64
cache_alignment	: 64
address sizes	: 48 bits physical, 48 bits virtual
power management: ts ttp tm stc 100mhzsteps hwpstate



Memory: 4k page, physical 3529788k(82428k free), swap 3667964k(0k free)

vm_info: Java HotSpot(TM) 64-Bit Server VM (24.80-b11) for linux-amd64 JRE (1.7.0_80-b15), built on Apr 10 2015 19:53:14 by "java_re" with gcc 4.3.0 20080428 (Red Hat 4.3.0-8)

time: Wed Aug 26 13:48:09 2015
elapsed time: 7 seconds

